\BOOKMARK [0][-]{Doc-Start}{\376\377\000H\000A\000L\000A\000M\000A\000N\000\040\000S\000A\000M\000P\000U\000L}{}% 1
\BOOKMARK [0][-]{Doc-Start}{\376\377\000H\000A\000L\000A\000M\000A\000N\000\040\000J\000U\000D\000U\000L}{}% 2
\BOOKMARK [0][-]{Doc-Start}{\376\377\000P\000E\000N\000G\000E\000S\000A\000H\000A\000N\000\040\000S\000T\000A\000T\000U\000S\000\040\000T\000E\000S\000I\000S}{}% 3
\BOOKMARK [0][-]{Item.4}{\376\377\000P\000E\000R\000N\000Y\000A\000T\000A\000A\000N\000\040\000P\000E\000N\000U\000L\000I\000S}{}% 4
\BOOKMARK [0][-]{Item.4}{\376\377\000P\000E\000R\000S\000E\000T\000U\000J\000U\000A\000N\000\040\000T\000E\000S\000I\000S}{}% 5
\BOOKMARK [0][-]{Item.4}{\376\377\000P\000E\000N\000G\000E\000S\000A\000H\000A\000N\000\040\000T\000E\000S\000I\000S}{}% 6
\BOOKMARK [0][-]{chapter*.1}{\376\377\000A\000B\000S\000T\000R\000A\000C\000T}{}% 7
\BOOKMARK [0][-]{chapter*.2}{\376\377\000A\000B\000S\000T\000R\000A\000K}{}% 8
\BOOKMARK [0][-]{chapter*.2}{\376\377\000A\000C\000K\000N\000O\000W\000L\000E\000D\000G\000M\000E\000N\000T\000S}{}% 9
\BOOKMARK [0][-]{chapter*.3}{\376\377\000D\000A\000F\000T\000A\000R\000\040\000P\000U\000B\000L\000I\000K\000A\000S\000I}{}% 10
\BOOKMARK [0][-]{chapter*.3}{\376\377\000D\000A\000F\000T\000A\000R\000\040\000T\000A\000B\000E\000L}{}% 11
\BOOKMARK [0][-]{chapter*.3}{\376\377\000D\000A\000F\000T\000A\000R\000\040\000G\000A\000M\000B\000A\000R}{}% 12
\BOOKMARK [0][-]{chapter*.3}{\376\377\000D\000A\000F\000T\000A\000R\000\040\000A\000L\000G\000O\000R\000I\000T\000M\000A}{}% 13
\BOOKMARK [0][-]{chapter*.5}{\376\377\000D\000A\000F\000T\000A\000R\000\040\000L\000A\000M\000P\000I\000R\000A\000N}{}% 14
\BOOKMARK [0][-]{chapter*.6}{\376\377\000D\000A\000F\000T\000A\000R\000\040\000I\000S\000T\000I\000L\000A\000H}{}% 15
\BOOKMARK [0][-]{chapter.1}{\376\377\000P\000E\000N\000D\000A\000H\000U\000L\000U\000A\000N}{}% 16
\BOOKMARK [1][-]{section.1.1}{\376\377\000L\000a\000t\000a\000r\000\040\000B\000e\000l\000a\000k\000a\000n\000g}{chapter.1}% 17
\BOOKMARK [1][-]{section.1.2}{\376\377\000R\000u\000m\000u\000s\000a\000n\000\040\000M\000a\000s\000a\000l\000a\000h}{chapter.1}% 18
\BOOKMARK [1][-]{section.1.3}{\376\377\000T\000u\000j\000u\000a\000n\000\040\000P\000e\000n\000e\000l\000i\000t\000i\000a\000n}{chapter.1}% 19
\BOOKMARK [1][-]{section.1.4}{\376\377\000B\000a\000t\000a\000s\000a\000n\000\040\000M\000a\000s\000a\000l\000a\000h}{chapter.1}% 20
\BOOKMARK [1][-]{section.1.5}{\376\377\000M\000a\000n\000f\000a\000a\000t\000\040\000P\000e\000n\000e\000l\000i\000t\000i\000a\000n}{chapter.1}% 21
\BOOKMARK [1][-]{section.1.6}{\376\377\000S\000i\000s\000t\000e\000m\000a\000t\000i\000k\000a\000\040\000P\000e\000n\000u\000l\000i\000s\000a\000n}{chapter.1}% 22
\BOOKMARK [0][-]{chapter.2}{\376\377\000T\000I\000N\000J\000A\000U\000A\000N\000\040\000P\000U\000S\000T\000A\000K\000A}{}% 23
\BOOKMARK [1][-]{section.2.1}{\376\377\000L\000a\000n\000d\000a\000s\000a\000n\000\040\000T\000e\000o\000r\000i}{chapter.2}% 24
\BOOKMARK [2][-]{subsection.2.1.1}{\376\377\000S\000u\000b\000-\000b\000a\000g\000i\000a\000n\000\040\000L\000a\000n\000d\000a\000s\000a\000n\000\040\000T\000e\000o\000r\000i}{section.2.1}% 25
\BOOKMARK [1][-]{section.2.2}{\376\377\000P\000e\000n\000e\000l\000i\000t\000i\000a\000n\000\040\000T\000e\000r\000k\000a\000i\000t}{chapter.2}% 26
\BOOKMARK [2][-]{subsection.2.2.1}{\376\377\000P\000e\000n\000e\000l\000i\000t\000i\000a\000n\000\040\000T\000e\000r\000d\000a\000h\000u\000l\000u}{section.2.2}% 27
\BOOKMARK [1][-]{section.2.3}{\376\377\000K\000e\000s\000e\000n\000j\000a\000n\000g\000a\000n\000\040\000P\000e\000n\000e\000l\000i\000t\000i\000a\000n}{chapter.2}% 28
\BOOKMARK [1][-]{section.2.4}{\376\377\000K\000e\000r\000a\000n\000g\000k\000a\000\040\000B\000e\000r\000p\000i\000k\000i\000r}{chapter.2}% 29
\BOOKMARK [1][-]{section.2.5}{\376\377\000H\000i\000p\000o\000t\000e\000s\000i\000s}{chapter.2}% 30
\BOOKMARK [0][-]{chapter.3}{\376\377\000M\000E\000T\000O\000D\000O\000L\000O\000G\000I\000\040\000P\000E\000N\000E\000L\000I\000T\000I\000A\000N}{}% 31
\BOOKMARK [1][-]{section.3.1}{\376\377\000D\000e\000s\000a\000i\000n\000\040\000P\000e\000n\000e\000l\000i\000t\000i\000a\000n}{chapter.3}% 32
\BOOKMARK [1][-]{section.3.2}{\376\377\000D\000a\000t\000a\000\040\000d\000a\000n\000\040\000S\000u\000m\000b\000e\000r\000\040\000D\000a\000t\000a}{chapter.3}% 33
\BOOKMARK [2][-]{subsection.3.2.1}{\376\377\000D\000a\000t\000a\000s\000e\000t\000\040\000A}{section.3.2}% 34
\BOOKMARK [2][-]{subsection.3.2.2}{\376\377\000D\000a\000t\000a\000s\000e\000t\000\040\000B}{section.3.2}% 35
\BOOKMARK [1][-]{section.3.3}{\376\377\000V\000a\000r\000i\000a\000b\000e\000l\000\040\000P\000e\000n\000e\000l\000i\000t\000i\000a\000n}{chapter.3}% 36
\BOOKMARK [1][-]{section.3.4}{\376\377\000A\000l\000a\000t\000\040\000d\000a\000n\000\040\000B\000a\000h\000a\000n}{chapter.3}% 37
\BOOKMARK [2][-]{subsection.3.4.1}{\376\377\000S\000p\000e\000s\000i\000f\000i\000k\000a\000s\000i\000\040\000P\000e\000r\000a\000n\000g\000k\000a\000t}{section.3.4}% 38
\BOOKMARK [2][-]{subsection.3.4.2}{\376\377\000P\000e\000r\000a\000n\000g\000k\000a\000t\000\040\000L\000u\000n\000a\000k}{section.3.4}% 39
\BOOKMARK [1][-]{section.3.5}{\376\377\000P\000r\000o\000s\000e\000d\000u\000r\000\040\000P\000e\000n\000e\000l\000i\000t\000i\000a\000n}{chapter.3}% 40
\BOOKMARK [1][-]{section.3.6}{\376\377\000T\000e\000k\000n\000i\000k\000\040\000P\000e\000n\000g\000u\000m\000p\000u\000l\000a\000n\000\040\000D\000a\000t\000a}{chapter.3}% 41
\BOOKMARK [1][-]{section.3.7}{\376\377\000T\000e\000k\000n\000i\000k\000\040\000A\000n\000a\000l\000i\000s\000i\000s\000\040\000D\000a\000t\000a}{chapter.3}% 42
\BOOKMARK [2][-]{subsection.3.7.1}{\376\377\000M\000e\000t\000r\000i\000k\000\040\000E\000v\000a\000l\000u\000a\000s\000i}{section.3.7}% 43
\BOOKMARK [0][-]{chapter.4}{\376\377\000H\000A\000S\000I\000L\000\040\000D\000A\000N\000\040\000P\000E\000M\000B\000A\000H\000A\000S\000A\000N}{}% 44
\BOOKMARK [1][-]{section.4.1}{\376\377\000H\000a\000s\000i\000l\000\040\000P\000e\000n\000e\000l\000i\000t\000i\000a\000n}{chapter.4}% 45
\BOOKMARK [2][-]{subsection.4.1.1}{\376\377\000H\000a\000s\000i\000l\000\040\000E\000k\000s\000p\000e\000r\000i\000m\000e\000n\000\040\000M\000o\000d\000e\000l\000\040\000A}{section.4.1}% 46
\BOOKMARK [2][-]{subsection.4.1.2}{\376\377\000H\000a\000s\000i\000l\000\040\000E\000k\000s\000p\000e\000r\000i\000m\000e\000n\000\040\000M\000o\000d\000e\000l\000\040\000B}{section.4.1}% 47
\BOOKMARK [1][-]{section.4.2}{\376\377\000A\000n\000a\000l\000i\000s\000i\000s\000\040\000K\000o\000m\000p\000a\000r\000a\000t\000i\000f}{chapter.4}% 48
\BOOKMARK [2][-]{subsection.4.2.1}{\376\377\000P\000e\000r\000b\000a\000n\000d\000i\000n\000g\000a\000n\000\040\000A\000k\000u\000r\000a\000s\000i}{section.4.2}% 49
\BOOKMARK [2][-]{subsection.4.2.2}{\376\377\000U\000j\000i\000\040\000S\000i\000g\000n\000i\000f\000i\000k\000a\000n\000s\000i\000\040\000S\000t\000a\000t\000i\000s\000t\000i\000k}{section.4.2}% 50
\BOOKMARK [1][-]{section.4.3}{\376\377\000P\000e\000m\000b\000a\000h\000a\000s\000a\000n}{chapter.4}% 51
\BOOKMARK [2][-]{subsection.4.3.1}{\376\377\000I\000n\000t\000e\000r\000p\000r\000e\000t\000a\000s\000i\000\040\000H\000a\000s\000i\000l}{section.4.3}% 52
\BOOKMARK [2][-]{subsection.4.3.2}{\376\377\000I\000m\000p\000l\000i\000k\000a\000s\000i\000\040\000T\000e\000o\000r\000e\000t\000i\000s}{section.4.3}% 53
\BOOKMARK [2][-]{subsection.4.3.3}{\376\377\000I\000m\000p\000l\000i\000k\000a\000s\000i\000\040\000P\000r\000a\000k\000t\000i\000s}{section.4.3}% 54
\BOOKMARK [2][-]{subsection.4.3.4}{\376\377\000K\000e\000t\000e\000r\000b\000a\000t\000a\000s\000a\000n}{section.4.3}% 55
\BOOKMARK [0][-]{chapter.5}{\376\377\000K\000E\000S\000I\000M\000P\000U\000L\000A\000N\000\040\000D\000A\000N\000\040\000S\000A\000R\000A\000N}{}% 56
\BOOKMARK [1][-]{section.5.1}{\376\377\000K\000e\000s\000i\000m\000p\000u\000l\000a\000n}{chapter.5}% 57
\BOOKMARK [1][-]{section.5.2}{\376\377\000S\000a\000r\000a\000n}{chapter.5}% 58
\BOOKMARK [0][-]{Item.29}{\376\377\000D\000A\000F\000T\000A\000R\000\040\000P\000U\000S\000T\000A\000K\000A}{}% 59
\BOOKMARK [0][-]{appendix.A}{\376\377\000L\000E\000T\000T\000E\000R\000\040\000O\000F\000\040\000A\000C\000C\000E\000P\000T\000A\000N\000C\000E\000\040\000P\000U\000B\000L\000I\000K\000A\000S\000I}{}% 60
